  stdafx.cpp
  ServerProtocolImpl.cpp
cl : command line warning D9035: option 'Gm' has been deprecated and will be removed in a future release
D:\DevIndia\exchangeprojects-3-\archive\WSS\src\Socket\build\socket.h(13,2): warning C4091: 'typedef ': ignored on left of 'SocketError' when no variable is declared
D:\DevIndia\exchangeprojects-3-\archive\WSS\src\Socket\build\socket.h(36,34): error C2039: 'string': is not a member of 'std'
d:\Program Files (x86)\Microsoft Visual Studio\2019\Community\VC\Tools\MSVC\14.23.28105\include\map(21): message : see declaration of 'std'
D:\DevIndia\exchangeprojects-3-\archive\WSS\src\Socket\build\socket.h(36,40): error C4430: missing type specifier - int assumed. Note: C++ does not support default-int
D:\DevIndia\exchangeprojects-3-\archive\WSS\src\Socket\build\socket.h(36,40): error C2143: syntax error: missing ',' before '&'
D:\DevIndia\exchangeprojects-3-\archive\WSS\src\ProtocolLibOld\src\Protocol.h(18,2): warning C4091: 'typedef ': ignored on left of 'ProtocolError' when no variable is declared
D:\DevIndia\exchangeprojects-3-\archive\WSS\src\ProtocolLibOld\src\Protocol.h(25,2): warning C4091: 'typedef ': ignored on left of 'ConnectStatus' when no variable is declared
D:\DevIndia\exchangeprojects-3-\archive\WSS\src\ProtocolLibOld\src\datadef.h(740,2): warning C4091: 'typedef ': ignored on left of 'ReloadDPR' when no variable is declared
D:\DevIndia\exchangeprojects-3-\archive\WSS\src\ProtocolLibOld\src\datadef.h(1020,2): warning C4091: 'typedef ': ignored on left of 'MailDelivery' when no variable is declared
D:\DevIndia\exchangeprojects-3-\archive\WSS\src\ProtocolLibOld\src\datadef.h(1028,2): warning C4091: 'typedef ': ignored on left of 'UsersStatus' when no variable is declared
D:\DevIndia\exchangeprojects-3-\archive\WSS\src\ProtocolLibOld\src\datadef.h(1033,2): warning C4091: 'typedef ': ignored on left of 'OnlineUsersRequest' when no variable is declared
  ProtocolLib.cpp
  ClientProtocolImpl.cpp
D:\DevIndia\exchangeprojects-3-\archive\WSS\src\ProtocolLibOld\src\datadef.h(1039,2): warning C4091: 'typedef ': ignored on left of 'OnlineUsersResponse' when no variable is declared
D:\DevIndia\exchangeprojects-3-\archive\WSS\src\ProtocolLibOld\src\Protocol.h(18,2): warning C4091: 'typedef ': ignored on left of 'ProtocolError' when no variable is declared
D:\DevIndia\exchangeprojects-3-\archive\WSS\src\ProtocolLibOld\src\Protocol.h(25,2): warning C4091: 'typedef ': ignored on left of 'ConnectStatus' when no variable is declared
D:\DevIndia\exchangeprojects-3-\archive\WSS\src\Socket\build\Socket.h(13,2): warning C4091: 'typedef ': ignored on left of 'SocketError' when no variable is declared
D:\DevIndia\exchangeprojects-3-\archive\WSS\src\Socket\build\Socket.h(36,34): error C2039: 'string': is not a member of 'std'
d:\Program Files (x86)\Microsoft Visual Studio\2019\Community\VC\Tools\MSVC\14.23.28105\include\map(21): message : see declaration of 'std'
D:\DevIndia\exchangeprojects-3-\archive\WSS\src\Socket\build\Socket.h(36,40): error C4430: missing type specifier - int assumed. Note: C++ does not support default-int
D:\DevIndia\exchangeprojects-3-\archive\WSS\src\Socket\build\Socket.h(36,40): error C2143: syntax error: missing ',' before '&'
D:\DevIndia\exchangeprojects-3-\archive\WSS\src\ProtocolLibOld\src\datadef.h(740,2): warning C4091: 'typedef ': ignored on left of 'ReloadDPR' when no variable is declared
D:\DevIndia\exchangeprojects-3-\archive\WSS\src\ProtocolLibOld\src\datadef.h(1020,2): warning C4091: 'typedef ': ignored on left of 'MailDelivery' when no variable is declared
D:\DevIndia\exchangeprojects-3-\archive\WSS\src\ProtocolLibOld\src\datadef.h(1028,2): warning C4091: 'typedef ': ignored on left of 'UsersStatus' when no variable is declared
D:\DevIndia\exchangeprojects-3-\archive\WSS\src\ProtocolLibOld\src\datadef.h(1033,2): warning C4091: 'typedef ': ignored on left of 'OnlineUsersRequest' when no variable is declared
D:\DevIndia\exchangeprojects-3-\archive\WSS\src\ProtocolLibOld\src\datadef.h(1039,2): warning C4091: 'typedef ': ignored on left of 'OnlineUsersResponse' when no variable is declared
D:\DevIndia\exchangeprojects-3-\archive\WSS\src\ProtocolLibOld\src\ClientProtocolImpl.cpp(54,4): error C2660: 'Socket::Connect': function does not take 2 arguments
D:\DevIndia\exchangeprojects-3-\archive\WSS\src\Socket\build\Socket.h(36,15): message : see declaration of 'Socket::Connect'
D:\DevIndia\exchangeprojects-3-\archive\WSS\src\ProtocolLibOld\src\ClientProtocolImpl.cpp(49,1): warning C4996: 'strcpy': This function or variable may be unsafe. Consider using strcpy_s instead. To disable deprecation, use _CRT_SECURE_NO_WARNINGS. See online help for details.
D:\Windows Kits\10\Include\10.0.18362.0\ucrt\string.h(133): message : see declaration of 'strcpy'
D:\DevIndia\exchangeprojects-3-\archive\WSS\src\ProtocolLibOld\src\ClientProtocolImpl.cpp(297,29): warning C4244: 'argument': conversion from 'long' to 'unsigned short', possible loss of data
